Build started 5/26/2016 2:32:47 PM.
     1>Project "E:\Study & Learn\Materials\NEW\Graphics\Project\OpenGL\Primitive_Drawing - OpenGl 3.3+ std\Primitive_Drawing\Primitive_Drawing.vcxproj" on node 2 (Build target(s)).
     1>ClCompile:
         C:\Program Files (x86)\Microsoft Visual Studio 12.0\VC\bin\CL.exe /c /ZI /nologo /W3 /WX- /Od /Oy- /D _MBCS /Gm /EHsc /RTC1 /MDd /GS /fp:precise /Zc:wchar_t /Zc:forScope /Fo"Debug\\" /Fd"Debug\vc120.pdb" /Gd /TP /analyze- /errorReport:prompt ApplicationManager.cpp GameObject.cpp ModelData.cpp Renderer.cpp ShapeGenerator.cpp Texture.cpp Time.cpp Transform.cpp Utility.cpp World.cpp camera.cpp main.cpp objloader.cpp shader.cpp
         shader.cpp
     1>e:\study & learn\materials\new\graphics\project\opengl\primitive_drawing - opengl 3.3+ std\primitive_drawing\shader.cpp(14): fatal error C1083: Cannot open include file: 'gl\glew.h': No such file or directory
         objloader.cpp
     1>e:\study & learn\materials\new\graphics\project\opengl\primitive_drawing - opengl 3.3+ std\primitive_drawing\objloader.cpp(6): fatal error C1083: Cannot open include file: 'glm/glm.hpp': No such file or directory
         main.cpp
     1>e:\study & learn\materials\new\graphics\project\opengl\primitive_drawing - opengl 3.3+ std\primitive_drawing\main.cpp(3): fatal error C1083: Cannot open include file: 'gl/glew.h': No such file or directory
         camera.cpp
     1>e:\study & learn\materials\new\graphics\project\opengl\primitive_drawing - opengl 3.3+ std\primitive_drawing\camera.h(5): fatal error C1083: Cannot open include file: 'glm\glm.hpp': No such file or directory
         World.cpp
     1>e:\study & learn\materials\new\graphics\project\opengl\primitive_drawing - opengl 3.3+ std\primitive_drawing\utility.h(28): fatal error C1083: Cannot open include file: 'glm\glm.hpp': No such file or directory
         Utility.cpp
     1>e:\study & learn\materials\new\graphics\project\opengl\primitive_drawing - opengl 3.3+ std\primitive_drawing\utility.h(28): fatal error C1083: Cannot open include file: 'glm\glm.hpp': No such file or directory
         Transform.cpp
     1>e:\study & learn\materials\new\graphics\project\opengl\primitive_drawing - opengl 3.3+ std\primitive_drawing\transform.h(5): fatal error C1083: Cannot open include file: 'glm/gtc/matrix_transform.hpp': No such file or directory
         Time.cpp
     1>e:\study & learn\materials\new\graphics\project\opengl\primitive_drawing - opengl 3.3+ std\primitive_drawing\time.h(2): fatal error C1083: Cannot open include file: 'gl/glfw3.h': No such file or directory
         Texture.cpp
     1>e:\study & learn\materials\new\graphics\project\opengl\primitive_drawing - opengl 3.3+ std\primitive_drawing\texture.h(6): fatal error C1083: Cannot open include file: 'gl/glew.h': No such file or directory
         ShapeGenerator.cpp
     1>e:\study & learn\materials\new\graphics\project\opengl\primitive_drawing - opengl 3.3+ std\primitive_drawing\utility.h(28): fatal error C1083: Cannot open include file: 'glm\glm.hpp': No such file or directory
         Renderer.cpp
     1>e:\study & learn\materials\new\graphics\project\opengl\primitive_drawing - opengl 3.3+ std\primitive_drawing\utility.h(28): fatal error C1083: Cannot open include file: 'glm\glm.hpp': No such file or directory
         ModelData.cpp
     1>e:\study & learn\materials\new\graphics\project\opengl\primitive_drawing - opengl 3.3+ std\primitive_drawing\modeldata.h(2): fatal error C1083: Cannot open include file: 'gl\glew.h': No such file or directory
         GameObject.cpp
     1>e:\study & learn\materials\new\graphics\project\opengl\primitive_drawing - opengl 3.3+ std\primitive_drawing\utility.h(28): fatal error C1083: Cannot open include file: 'glm\glm.hpp': No such file or directory
         ApplicationManager.cpp
     1>e:\study & learn\materials\new\graphics\project\opengl\primitive_drawing - opengl 3.3+ std\primitive_drawing\utility.h(28): fatal error C1083: Cannot open include file: 'glm\glm.hpp': No such file or directory
         Generating Code...
     1>Done Building Project "E:\Study & Learn\Materials\NEW\Graphics\Project\OpenGL\Primitive_Drawing - OpenGl 3.3+ std\Primitive_Drawing\Primitive_Drawing.vcxproj" (Build target(s)) -- FAILED.

Build FAILED.

Time Elapsed 00:00:06.14
